
0回目
ソート前のデータ:
11 8 16 10 13 6 7 18 20 9 2 12 19 15 17 1 14 5 3 4 
    0:***********
    1:********
    2:****************
    3:**********
    4:*************
    5:******
    6:*******
    7:******************
    8:********************
    9:*********
   10:**
   11:************
   12:*******************
   13:***************
   14:*****************
   15:*
   16:**************
   17:*****
   18:***
   19:****
swap count = 110
sort time = 0.000000 [s]
ソート後のデータ:
1 2 3 4 5 6 7 8 9 10 11 12 13 14 15 16 17 18 19 20 
    0:*
    1:**
    2:***
    3:****
    4:*****
    5:******
    6:*******
    7:********
    8:*********
    9:**********
   10:***********
   11:************
   12:*************
   13:**************
   14:***************
   15:****************
   16:*****************
   17:******************
   18:*******************
   19:********************

1回目
ソート前のデータ:
17 7 3 6 5 14 13 9 10 19 11 8 2 4 20 16 12 15 18 1 
    0:*****************
    1:*******
    2:***
    3:******
    4:*****
    5:**************
    6:*************
    7:*********
    8:**********
    9:*******************
   10:***********
   11:********
   12:**
   13:****
   14:********************
   15:****************
   16:************
   17:***************
   18:******************
   19:*
swap count = 85
sort time = 0.000000 [s]
ソート後のデータ:
1 2 3 4 5 6 7 8 9 10 11 12 13 14 15 16 17 18 19 20 
    0:*
    1:**
    2:***
    3:****
    4:*****
    5:******
    6:*******
    7:********
    8:*********
    9:**********
   10:***********
   11:************
   12:*************
   13:**************
   14:***************
   15:****************
   16:*****************
   17:******************
   18:*******************
   19:********************

2回目
ソート前のデータ:
10 12 8 4 20 1 17 5 11 18 6 2 13 14 7 16 15 3 9 19 
    0:**********
    1:************
    2:********
    3:****
    4:********************
    5:*
    6:*****************
    7:*****
    8:***********
    9:******************
   10:******
   11:**
   12:*************
   13:**************
   14:*******
   15:****************
   16:***************
   17:***
   18:*********
   19:*******************
swap count = 85
sort time = 0.000000 [s]
ソート後のデータ:
1 2 3 4 5 6 7 8 9 10 11 12 13 14 15 16 17 18 19 20 
    0:*
    1:**
    2:***
    3:****
    4:*****
    5:******
    6:*******
    7:********
    8:*********
    9:**********
   10:***********
   11:************
   12:*************
   13:**************
   14:***************
   15:****************
   16:*****************
   17:******************
   18:*******************
   19:********************

3回目
ソート前のデータ:
11 1 16 12 18 6 7 20 4 13 15 10 19 14 8 3 17 5 9 2 
    0:***********
    1:*
    2:****************
    3:************
    4:******************
    5:******
    6:*******
    7:********************
    8:****
    9:*************
   10:***************
   11:**********
   12:*******************
   13:**************
   14:********
   15:***
   16:*****************
   17:*****
   18:*********
   19:**
swap count = 106
sort time = 0.000000 [s]
ソート後のデータ:
1 2 3 4 5 6 7 8 9 10 11 12 13 14 15 16 17 18 19 20 
    0:*
    1:**
    2:***
    3:****
    4:*****
    5:******
    6:*******
    7:********
    8:*********
    9:**********
   10:***********
   11:************
   12:*************
   13:**************
   14:***************
   15:****************
   16:*****************
   17:******************
   18:*******************
   19:********************

4回目
ソート前のデータ:
20 10 3 4 5 11 8 16 15 1 6 14 9 7 2 19 18 12 13 17 
    0:********************
    1:**********
    2:***
    3:****
    4:*****
    5:***********
    6:********
    7:****************
    8:***************
    9:*
   10:******
   11:**************
   12:*********
   13:*******
   14:**
   15:*******************
   16:******************
   17:************
   18:*************
   19:*****************
swap count = 77
sort time = 0.000000 [s]
ソート後のデータ:
1 2 3 4 5 6 7 8 9 10 11 12 13 14 15 16 17 18 19 20 
    0:*
    1:**
    2:***
    3:****
    4:*****
    5:******
    6:*******
    7:********
    8:*********
    9:**********
   10:***********
   11:************
   12:*************
   13:**************
   14:***************
   15:****************
   16:*****************
   17:******************
   18:*******************
   19:********************

5回目
ソート前のデータ:
2 9 15 5 4 1 7 8 10 6 20 16 14 12 18 17 3 13 19 11 
    0:**
    1:*********
    2:***************
    3:*****
    4:****
    5:*
    6:*******
    7:********
    8:**********
    9:******
   10:********************
   11:****************
   12:**************
   13:************
   14:******************
   15:*****************
   16:***
   17:*************
   18:*******************
   19:***********
swap count = 61
sort time = 0.000000 [s]
ソート後のデータ:
1 2 3 4 5 6 7 8 9 10 11 12 13 14 15 16 17 18 19 20 
    0:*
    1:**
    2:***
    3:****
    4:*****
    5:******
    6:*******
    7:********
    8:*********
    9:**********
   10:***********
   11:************
   12:*************
   13:**************
   14:***************
   15:****************
   16:*****************
   17:******************
   18:*******************
   19:********************

6回目
ソート前のデータ:
19 6 9 10 7 2 15 8 1 20 13 12 4 11 16 14 5 18 17 3 
    0:*******************
    1:******
    2:*********
    3:**********
    4:*******
    5:**
    6:***************
    7:********
    8:*
    9:********************
   10:*************
   11:************
   12:****
   13:***********
   14:****************
   15:**************
   16:*****
   17:******************
   18:*****************
   19:***
swap count = 87
sort time = 0.000000 [s]
ソート後のデータ:
1 2 3 4 5 6 7 8 9 10 11 12 13 14 15 16 17 18 19 20 
    0:*
    1:**
    2:***
    3:****
    4:*****
    5:******
    6:*******
    7:********
    8:*********
    9:**********
   10:***********
   11:************
   12:*************
   13:**************
   14:***************
   15:****************
   16:*****************
   17:******************
   18:*******************
   19:********************

7回目
ソート前のデータ:
1 15 8 6 5 3 16 2 10 9 20 17 14 7 13 4 11 18 19 12 
    0:*
    1:***************
    2:********
    3:******
    4:*****
    5:***
    6:****************
    7:**
    8:**********
    9:*********
   10:********************
   11:*****************
   12:**************
   13:*******
   14:*************
   15:****
   16:***********
   17:******************
   18:*******************
   19:************
swap count = 67
sort time = 0.000000 [s]
ソート後のデータ:
1 2 3 4 5 6 7 8 9 10 11 12 13 14 15 16 17 18 19 20 
    0:*
    1:**
    2:***
    3:****
    4:*****
    5:******
    6:*******
    7:********
    8:*********
    9:**********
   10:***********
   11:************
   12:*************
   13:**************
   14:***************
   15:****************
   16:*****************
   17:******************
   18:*******************
   19:********************

8回目
ソート前のデータ:
18 15 7 11 13 6 17 19 16 3 20 12 5 14 10 8 2 1 4 9 
    0:******************
    1:***************
    2:*******
    3:***********
    4:*************
    5:******
    6:*****************
    7:*******************
    8:****************
    9:***
   10:********************
   11:************
   12:*****
   13:**************
   14:**********
   15:********
   16:**
   17:*
   18:****
   19:*********
swap count = 129
sort time = 0.000000 [s]
ソート後のデータ:
1 2 3 4 5 6 7 8 9 10 11 12 13 14 15 16 17 18 19 20 
    0:*
    1:**
    2:***
    3:****
    4:*****
    5:******
    6:*******
    7:********
    8:*********
    9:**********
   10:***********
   11:************
   12:*************
   13:**************
   14:***************
   15:****************
   16:*****************
   17:******************
   18:*******************
   19:********************

9回目
ソート前のデータ:
6 9 7 13 5 2 3 10 15 8 1 12 16 4 20 18 17 14 11 19 
    0:******
    1:*********
    2:*******
    3:*************
    4:*****
    5:**
    6:***
    7:**********
    8:***************
    9:********
   10:*
   11:************
   12:****************
   13:****
   14:********************
   15:******************
   16:*****************
   17:**************
   18:***********
   19:*******************
swap count = 59
sort time = 0.000000 [s]
ソート後のデータ:
1 2 3 4 5 6 7 8 9 10 11 12 13 14 15 16 17 18 19 20 
    0:*
    1:**
    2:***
    3:****
    4:*****
    5:******
    6:*******
    7:********
    8:*********
    9:**********
   10:***********
   11:************
   12:*************
   13:**************
   14:***************
   15:****************
   16:*****************
   17:******************
   18:*******************
   19:********************

10回目
ソート前のデータ:
18 16 9 14 6 13 20 15 2 11 7 19 4 17 8 10 3 5 12 1 
    0:******************
    1:****************
    2:*********
    3:**************
    4:******
    5:*************
    6:********************
    7:***************
    8:**
    9:***********
   10:*******
   11:*******************
   12:****
   13:*****************
   14:********
   15:**********
   16:***
   17:*****
   18:************
   19:*
swap count = 127
sort time = 0.000000 [s]
ソート後のデータ:
1 2 3 4 5 6 7 8 9 10 11 12 13 14 15 16 17 18 19 20 
    0:*
    1:**
    2:***
    3:****
    4:*****
    5:******
    6:*******
    7:********
    8:*********
    9:**********
   10:***********
   11:************
   12:*************
   13:**************
   14:***************
   15:****************
   16:*****************
   17:******************
   18:*******************
   19:********************

11回目
ソート前のデータ:
9 11 10 16 4 19 20 8 18 5 2 13 14 1 6 12 17 3 7 15 
    0:*********
    1:***********
    2:**********
    3:****************
    4:****
    5:*******************
    6:********************
    7:********
    8:******************
    9:*****
   10:**
   11:*************
   12:**************
   13:*
   14:******
   15:************
   16:*****************
   17:***
   18:*******
   19:***************
swap count = 103
sort time = 0.000000 [s]
ソート後のデータ:
1 2 3 4 5 6 7 8 9 10 11 12 13 14 15 16 17 18 19 20 
    0:*
    1:**
    2:***
    3:****
    4:*****
    5:******
    6:*******
    7:********
    8:*********
    9:**********
   10:***********
   11:************
   12:*************
   13:**************
   14:***************
   15:****************
   16:*****************
   17:******************
   18:*******************
   19:********************

12回目
ソート前のデータ:
6 10 12 2 20 9 18 11 14 16 15 3 13 1 7 4 17 5 19 8 
    0:******
    1:**********
    2:************
    3:**
    4:********************
    5:*********
    6:******************
    7:***********
    8:**************
    9:****************
   10:***************
   11:***
   12:*************
   13:*
   14:*******
   15:****
   16:*****************
   17:*****
   18:*******************
   19:********
swap count = 95
sort time = 0.000000 [s]
ソート後のデータ:
1 2 3 4 5 6 7 8 9 10 11 12 13 14 15 16 17 18 19 20 
    0:*
    1:**
    2:***
    3:****
    4:*****
    5:******
    6:*******
    7:********
    8:*********
    9:**********
   10:***********
   11:************
   12:*************
   13:**************
   14:***************
   15:****************
   16:*****************
   17:******************
   18:*******************
   19:********************

13回目
ソート前のデータ:
6 1 11 4 5 15 7 17 19 10 14 8 3 2 18 13 16 12 9 20 
    0:******
    1:*
    2:***********
    3:****
    4:*****
    5:***************
    6:*******
    7:*****************
    8:*******************
    9:**********
   10:**************
   11:********
   12:***
   13:**
   14:******************
   15:*************
   16:****************
   17:************
   18:*********
   19:********************
swap count = 69
sort time = 0.000000 [s]
ソート後のデータ:
1 2 3 4 5 6 7 8 9 10 11 12 13 14 15 16 17 18 19 20 
    0:*
    1:**
    2:***
    3:****
    4:*****
    5:******
    6:*******
    7:********
    8:*********
    9:**********
   10:***********
   11:************
   12:*************
   13:**************
   14:***************
   15:****************
   16:*****************
   17:******************
   18:*******************
   19:********************

14回目
ソート前のデータ:
3 14 19 12 15 2 8 13 9 6 16 20 11 5 17 18 4 10 7 1 
    0:***
    1:**************
    2:*******************
    3:************
    4:***************
    5:**
    6:********
    7:*************
    8:*********
    9:******
   10:****************
   11:********************
   12:***********
   13:*****
   14:*****************
   15:******************
   16:****
   17:**********
   18:*******
   19:*
swap count = 106
sort time = 0.000000 [s]
ソート後のデータ:
1 2 3 4 5 6 7 8 9 10 11 12 13 14 15 16 17 18 19 20 
    0:*
    1:**
    2:***
    3:****
    4:*****
    5:******
    6:*******
    7:********
    8:*********
    9:**********
   10:***********
   11:************
   12:*************
   13:**************
   14:***************
   15:****************
   16:*****************
   17:******************
   18:*******************
   19:********************

15回目
ソート前のデータ:
18 15 12 11 5 1 4 14 9 10 13 8 2 16 7 6 17 3 20 19 
    0:******************
    1:***************
    2:************
    3:***********
    4:*****
    5:*
    6:****
    7:**************
    8:*********
    9:**********
   10:*************
   11:********
   12:**
   13:****************
   14:*******
   15:******
   16:*****************
   17:***
   18:********************
   19:*******************
swap count = 93
sort time = 0.000000 [s]
ソート後のデータ:
1 2 3 4 5 6 7 8 9 10 11 12 13 14 15 16 17 18 19 20 
    0:*
    1:**
    2:***
    3:****
    4:*****
    5:******
    6:*******
    7:********
    8:*********
    9:**********
   10:***********
   11:************
   12:*************
   13:**************
   14:***************
   15:****************
   16:*****************
   17:******************
   18:*******************
   19:********************

16回目
ソート前のデータ:
19 5 18 15 13 6 16 9 4 14 11 1 2 17 12 10 3 8 7 20 
    0:*******************
    1:*****
    2:******************
    3:***************
    4:*************
    5:******
    6:****************
    7:*********
    8:****
    9:**************
   10:***********
   11:*
   12:**
   13:*****************
   14:************
   15:**********
   16:***
   17:********
   18:*******
   19:********************
swap count = 113
sort time = 0.000000 [s]
ソート後のデータ:
1 2 3 4 5 6 7 8 9 10 11 12 13 14 15 16 17 18 19 20 
    0:*
    1:**
    2:***
    3:****
    4:*****
    5:******
    6:*******
    7:********
    8:*********
    9:**********
   10:***********
   11:************
   12:*************
   13:**************
   14:***************
   15:****************
   16:*****************
   17:******************
   18:*******************
   19:********************

17回目
ソート前のデータ:
5 20 16 13 1 19 7 11 4 2 6 18 15 17 8 3 10 12 9 14 
    0:*****
    1:********************
    2:****************
    3:*************
    4:*
    5:*******************
    6:*******
    7:***********
    8:****
    9:**
   10:******
   11:******************
   12:***************
   13:*****************
   14:********
   15:***
   16:**********
   17:************
   18:*********
   19:**************
swap count = 98
sort time = 0.000000 [s]
ソート後のデータ:
1 2 3 4 5 6 7 8 9 10 11 12 13 14 15 16 17 18 19 20 
    0:*
    1:**
    2:***
    3:****
    4:*****
    5:******
    6:*******
    7:********
    8:*********
    9:**********
   10:***********
   11:************
   12:*************
   13:**************
   14:***************
   15:****************
   16:*****************
   17:******************
   18:*******************
   19:********************

18回目
ソート前のデータ:
12 20 16 4 5 14 7 3 15 2 19 9 18 11 1 6 10 13 8 17 
    0:************
    1:********************
    2:****************
    3:****
    4:*****
    5:**************
    6:*******
    7:***
    8:***************
    9:**
   10:*******************
   11:*********
   12:******************
   13:***********
   14:*
   15:******
   16:**********
   17:*************
   18:********
   19:*****************
swap count = 99
sort time = 0.000000 [s]
ソート後のデータ:
1 2 3 4 5 6 7 8 9 10 11 12 13 14 15 16 17 18 19 20 
    0:*
    1:**
    2:***
    3:****
    4:*****
    5:******
    6:*******
    7:********
    8:*********
    9:**********
   10:***********
   11:************
   12:*************
   13:**************
   14:***************
   15:****************
   16:*****************
   17:******************
   18:*******************
   19:********************

19回目
ソート前のデータ:
2 12 3 20 15 8 13 18 16 7 5 14 19 9 1 10 17 11 4 6 
    0:**
    1:************
    2:***
    3:********************
    4:***************
    5:********
    6:*************
    7:******************
    8:****************
    9:*******
   10:*****
   11:**************
   12:*******************
   13:*********
   14:*
   15:**********
   16:*****************
   17:***********
   18:****
   19:******
swap count = 101
sort time = 0.000000 [s]
ソート後のデータ:
1 2 3 4 5 6 7 8 9 10 11 12 13 14 15 16 17 18 19 20 
    0:*
    1:**
    2:***
    3:****
    4:*****
    5:******
    6:*******
    7:********
    8:*********
    9:**********
   10:***********
   11:************
   12:*************
   13:**************
   14:***************
   15:****************
   16:*****************
   17:******************
   18:*******************
   19:********************

20回目
ソート前のデータ:
19 6 3 18 12 4 16 17 5 10 11 7 14 20 15 9 8 1 13 2 
    0:*******************
    1:******
    2:***
    3:******************
    4:************
    5:****
    6:****************
    7:*****************
    8:*****
    9:**********
   10:***********
   11:*******
   12:**************
   13:********************
   14:***************
   15:*********
   16:********
   17:*
   18:*************
   19:**
swap count = 109
sort time = 0.000000 [s]
ソート後のデータ:
1 2 3 4 5 6 7 8 9 10 11 12 13 14 15 16 17 18 19 20 
    0:*
    1:**
    2:***
    3:****
    4:*****
    5:******
    6:*******
    7:********
    8:*********
    9:**********
   10:***********
   11:************
   12:*************
   13:**************
   14:***************
   15:****************
   16:*****************
   17:******************
   18:*******************
   19:********************
